    11>D:\.dima\misis2023f-23-check\misis2024s-23-04-popadina-v-a\prj.check\prj.check\doctest_queuelstpr\doctest_queuelstpr_moveable.cpp(3,10): error C1083: Не удается открыть файл включение: queuelstpr/queuelstpr.hpp: No such file or directory, [D:\.dima\misis2023f-23-check\misis2024s-23-04-popadina-v-a\build.check\prj.check\prj.check\doctest_queuelstpr\doctest_queuelstpr_m.vcxproj]
     6>D:\.dima\misis2023f-23-check\misis2024s-23-04-popadina-v-a\prj.check\prj.check\doctest_bitset\doctest_bitset.cpp(3,10): error C1083: Не удается открыть файл включение: bitset/bitset.hpp: No such file or directory, [D:\.dima\misis2023f-23-check\misis2024s-23-04-popadina-v-a\build.check\prj.check\prj.check\doctest_bitset\doctest_bitset.vcxproj]
     7>D:\.dima\misis2023f-23-check\misis2024s-23-04-popadina-v-a\prj.check\prj.check\doctest_bitset\doctest_bitset_moveable.cpp(3,10): error C1083: Не удается открыть файл включение: bitset/bitset.hpp: No such file or directory, [D:\.dima\misis2023f-23-check\misis2024s-23-04-popadina-v-a\build.check\prj.check\prj.check\doctest_bitset\doctest_bitset_m.vcxproj]
    16>D:\.dima\misis2023f-23-check\misis2024s-23-04-popadina-v-a\prj.check\prj.check\doctest_queuelstpr\doctest_queuelstpr.cpp(3,10): error C1083: Не удается открыть файл включение: queuelstpr/queuelstpr.hpp: No such file or directory, [D:\.dima\misis2023f-23-check\misis2024s-23-04-popadina-v-a\build.check\prj.check\prj.check\doctest_queuelstpr\doctest_queuelstpr.vcxproj]
     3>D:\.dima\misis2023f-23-check\misis2024s-23-04-popadina-v-a\prj.lab\complex\complex.hpp(9,16): error C2535: Complex::Complex(void): функция-член уже определена или объявлена [D:\.dima\misis2023f-23-check\misis2024s-23-04-popadina-v-a\build.check\prj.lab\complex\complex.vcxproj]
     3>D:\.dima\misis2023f-23-check\misis2024s-23-04-popadina-v-a\prj.lab\complex\complex.hpp(22,11): error C2535: Complex &Complex::operator =(const Complex &): функция-член уже определена или объявлена [D:\.dima\misis2023f-23-check\misis2024s-23-04-popadina-v-a\build.check\prj.lab\complex\complex.vcxproj]
     3>D:\.dima\misis2023f-23-check\misis2024s-23-04-popadina-v-a\prj.lab\complex\complex.hpp(23,11): error C2535: Complex &Complex::operator =(Complex &&): функция-член уже определена или объявлена [D:\.dima\misis2023f-23-check\misis2024s-23-04-popadina-v-a\build.check\prj.lab\complex\complex.vcxproj]
     3>D:\.dima\misis2023f-23-check\misis2024s-23-04-popadina-v-a\prj.lab\complex\complex.hpp(79,27): error C2039: "string": не является членом "std". [D:\.dima\misis2023f-23-check\misis2024s-23-04-popadina-v-a\build.check\prj.lab\complex\complex.vcxproj]
     3>D:\.dima\misis2023f-23-check\misis2024s-23-04-popadina-v-a\prj.lab\complex\complex.hpp(79,33): error C4430: отсутствует спецификатор типа - предполагается int. Примечание. C++ не поддерживает int по умолчанию [D:\.dima\misis2023f-23-check\misis2024s-23-04-popadina-v-a\build.check\prj.lab\complex\complex.vcxproj]
     3>D:\.dima\misis2023f-23-check\misis2024s-23-04-popadina-v-a\prj.lab\complex\complex.hpp(79,33): error C2143: синтаксическая ошибка: отсутствие "," перед "&" [D:\.dima\misis2023f-23-check\misis2024s-23-04-popadina-v-a\build.check\prj.lab\complex\complex.vcxproj]
     3>D:\.dima\misis2023f-23-check\misis2024s-23-04-popadina-v-a\prj.lab\complex\complex.cpp(3,10): error C2084: функция "Complex::Complex(const double)" уже имеет текст реализации [D:\.dima\misis2023f-23-check\misis2024s-23-04-popadina-v-a\build.check\prj.lab\complex\complex.vcxproj]
     3>D:\.dima\misis2023f-23-check\misis2024s-23-04-popadina-v-a\prj.lab\complex\complex.cpp(8,10): error C2084: функция "Complex::Complex(const double,const double)" уже имеет текст реализации [D:\.dima\misis2023f-23-check\misis2024s-23-04-popadina-v-a\build.check\prj.lab\complex\complex.vcxproj]
     3>D:\.dima\misis2023f-23-check\misis2024s-23-04-popadina-v-a\prj.lab\complex\complex.cpp(15,19): error C2264: Complex::Complex: ошибка в определении или объявлении функции; функция не вызвана [D:\.dima\misis2023f-23-check\misis2024s-23-04-popadina-v-a\build.check\prj.lab\complex\complex.vcxproj]
     3>D:\.dima\misis2023f-23-check\misis2024s-23-04-popadina-v-a\prj.lab\complex\complex.cpp(21,23): error C2039: "pow": не является членом "std". [D:\.dima\misis2023f-23-check\misis2024s-23-04-popadina-v-a\build.check\prj.lab\complex\complex.vcxproj]
     3>D:\.dima\misis2023f-23-check\misis2024s-23-04-popadina-v-a\prj.lab\complex\complex.cpp(21,33): error C2039: "pow": не является членом "std". [D:\.dima\misis2023f-23-check\misis2024s-23-04-popadina-v-a\build.check\prj.lab\complex\complex.vcxproj]
     3>D:\.dima\misis2023f-23-check\misis2024s-23-04-popadina-v-a\prj.lab\complex\complex.cpp(21,33): error C2664: "Complex pow(const Complex &,int)": невозможно преобразовать аргумент 1 из "const double" в "const Complex &" [D:\.dima\misis2023f-23-check\misis2024s-23-04-popadina-v-a\build.check\prj.lab\complex\complex.vcxproj]
     3>D:\.dima\misis2023f-23-check\misis2024s-23-04-popadina-v-a\prj.lab\complex\complex.cpp(21,55): error C2039: "pow": не является членом "std". [D:\.dima\misis2023f-23-check\misis2024s-23-04-popadina-v-a\build.check\prj.lab\complex\complex.vcxproj]
     3>D:\.dima\misis2023f-23-check\misis2024s-23-04-popadina-v-a\prj.lab\complex\complex.cpp(21,55): error C2664: "Complex pow(const Complex &,int)": невозможно преобразовать аргумент 1 из "const double" в "const Complex &" [D:\.dima\misis2023f-23-check\misis2024s-23-04-popadina-v-a\build.check\prj.lab\complex\complex.vcxproj]
     3>D:\.dima\misis2023f-23-check\misis2024s-23-04-popadina-v-a\prj.lab\complex\complex.cpp(21,48): error C2088: встроенный оператор "+" не может быть применен к операнду типа "Complex" [D:\.dima\misis2023f-23-check\misis2024s-23-04-popadina-v-a\build.check\prj.lab\complex\complex.vcxproj]
     3>D:\.dima\misis2023f-23-check\misis2024s-23-04-popadina-v-a\prj.lab\complex\complex.cpp(27,24): error C2264: Complex::Complex: ошибка в определении или объявлении функции; функция не вызвана [D:\.dima\misis2023f-23-check\misis2024s-23-04-popadina-v-a\build.check\prj.lab\complex\complex.vcxproj]
     3>D:\.dima\misis2023f-23-check\misis2024s-23-04-popadina-v-a\prj.lab\complex\complex.cpp(33,24): error C2039: "invalid_argument": не является членом "std". [D:\.dima\misis2023f-23-check\misis2024s-23-04-popadina-v-a\build.check\prj.lab\complex\complex.vcxproj]
     3>D:\.dima\misis2023f-23-check\misis2024s-23-04-popadina-v-a\prj.lab\complex\complex.cpp(33,24): error C3861: invalid_argument: идентификатор не найден [D:\.dima\misis2023f-23-check\misis2024s-23-04-popadina-v-a\build.check\prj.lab\complex\complex.vcxproj]
     3>D:\.dima\misis2023f-23-check\misis2024s-23-04-popadina-v-a\prj.lab\complex\complex.cpp(46,17): error C2039: "invalid_argument": не является членом "std". [D:\.dima\misis2023f-23-check\misis2024s-23-04-popadina-v-a\build.check\prj.lab\complex\complex.vcxproj]
     3>D:\.dima\misis2023f-23-check\misis2024s-23-04-popadina-v-a\prj.lab\complex\complex.cpp(46,17): error C2061: синтаксическая ошибка: идентификатор "invalid_argument" [D:\.dima\misis2023f-23-check\misis2024s-23-04-popadina-v-a\build.check\prj.lab\complex\complex.vcxproj]
     3>D:\.dima\misis2023f-23-check\misis2024s-23-04-popadina-v-a\prj.lab\complex\complex.cpp(46,5): error C2310: в блоках catch должен быть указан один тип [D:\.dima\misis2023f-23-check\misis2024s-23-04-popadina-v-a\build.check\prj.lab\complex\complex.vcxproj]
     3>D:\.dima\misis2023f-23-check\misis2024s-23-04-popadina-v-a\prj.lab\complex\complex.cpp(47,14): error C2039: "cout": не является членом "std". [D:\.dima\misis2023f-23-check\misis2024s-23-04-popadina-v-a\build.check\prj.lab\complex\complex.vcxproj]
     3>D:\.dima\misis2023f-23-check\misis2024s-23-04-popadina-v-a\prj.lab\complex\complex.cpp(47,14): error C2065: cout: необъявленный идентификатор [D:\.dima\misis2023f-23-check\misis2024s-23-04-popadina-v-a\build.check\prj.lab\complex\complex.vcxproj]
     3>D:\.dima\misis2023f-23-check\misis2024s-23-04-popadina-v-a\prj.lab\complex\complex.cpp(47,22): error C2065: e: необъявленный идентификатор [D:\.dima\misis2023f-23-check\misis2024s-23-04-popadina-v-a\build.check\prj.lab\complex\complex.vcxproj]
     3>D:\.dima\misis2023f-23-check\misis2024s-23-04-popadina-v-a\prj.lab\complex\complex.cpp(48,9): error C3861: exit: идентификатор не найден [D:\.dima\misis2023f-23-check\misis2024s-23-04-popadina-v-a\build.check\prj.lab\complex\complex.vcxproj]
     3>D:\.dima\misis2023f-23-check\misis2024s-23-04-popadina-v-a\prj.lab\complex\complex.cpp(30,13): error C2264: Complex::Complex: ошибка в определении или объявлении функции; функция не вызвана [D:\.dima\misis2023f-23-check\misis2024s-23-04-popadina-v-a\build.check\prj.lab\complex\complex.vcxproj]
     3>D:\.dima\misis2023f-23-check\misis2024s-23-04-popadina-v-a\prj.lab\complex\complex.cpp(36,27): error C2264: Complex::Complex: ошибка в определении или объявлении функции; функция не вызвана [D:\.dima\misis2023f-23-check\misis2024s-23-04-popadina-v-a\build.check\prj.lab\complex\complex.vcxproj]
     3>D:\.dima\misis2023f-23-check\misis2024s-23-04-popadina-v-a\prj.lab\complex\complex.cpp(53,37): error C2039: "numeric_limits": не является членом "std". [D:\.dima\misis2023f-23-check\misis2024s-23-04-popadina-v-a\build.check\prj.lab\complex\complex.vcxproj]
     3>D:\.dima\misis2023f-23-check\misis2024s-23-04-popadina-v-a\prj.lab\complex\complex.cpp(53,30): error C2296: "*": недопустимо, поскольку тип левого операнда — "unknown-type" [D:\.dima\misis2023f-23-check\misis2024s-23-04-popadina-v-a\build.check\prj.lab\complex\complex.vcxproj]
     3>D:\.dima\misis2023f-23-check\misis2024s-23-04-popadina-v-a\prj.lab\complex\complex.cpp(53,30): error C2297: "*": недопустимо, поскольку тип правого операнда — "unknown-type" [D:\.dima\misis2023f-23-check\misis2024s-23-04-popadina-v-a\build.check\prj.lab\complex\complex.vcxproj]
     3>D:\.dima\misis2023f-23-check\misis2024s-23-04-popadina-v-a\prj.lab\complex\complex.cpp(53,52): error C2062: тип "double" не требуется [D:\.dima\misis2023f-23-check\misis2024s-23-04-popadina-v-a\build.check\prj.lab\complex\complex.vcxproj]
     3>D:\.dima\misis2023f-23-check\misis2024s-23-04-popadina-v-a\prj.lab\complex\complex.cpp(53,61): error C2039: "epsilon": не является членом "`global namespace'". [D:\.dima\misis2023f-23-check\misis2024s-23-04-popadina-v-a\build.check\prj.lab\complex\complex.vcxproj]
     3>D:\.dima\misis2023f-23-check\misis2024s-23-04-popadina-v-a\prj.lab\complex\complex.cpp(54,14): error C2039: "abs": не является членом "std". [D:\.dima\misis2023f-23-check\misis2024s-23-04-popadina-v-a\build.check\prj.lab\complex\complex.vcxproj]
     3>D:\.dima\misis2023f-23-check\misis2024s-23-04-popadina-v-a\prj.lab\complex\complex.cpp(54,14): error C2664: "double abs(const Complex &) noexcept": невозможно преобразовать аргумент 1 из "double" в "const Complex &" [D:\.dima\misis2023f-23-check\misis2024s-23-04-popadina-v-a\build.check\prj.lab\complex\complex.vcxproj]
     3>D:\.dima\misis2023f-23-check\misis2024s-23-04-popadina-v-a\prj.lab\complex\complex.cpp(54,50): error C2039: "abs": не является членом "std". [D:\.dima\misis2023f-23-check\misis2024s-23-04-popadina-v-a\build.check\prj.lab\complex\complex.vcxproj]
     3>D:\.dima\misis2023f-23-check\misis2024s-23-04-popadina-v-a\prj.lab\complex\complex.cpp(54,50): error C2664: "double abs(const Complex &) noexcept": невозможно преобразовать аргумент 1 из "double" в "const Complex &" [D:\.dima\misis2023f-23-check\misis2024s-23-04-popadina-v-a\build.check\prj.lab\complex\complex.vcxproj]
     3>D:\.dima\misis2023f-23-check\misis2024s-23-04-popadina-v-a\prj.lab\complex\complex.cpp(58,96): error C2264: Complex::Complex: ошибка в определении или объявлении функции; функция не вызвана [D:\.dima\misis2023f-23-check\misis2024s-23-04-popadina-v-a\build.check\prj.lab\complex\complex.vcxproj]
     3>D:\.dima\misis2023f-23-check\misis2024s-23-04-popadina-v-a\prj.lab\complex\complex.cpp(59,91): error C2264: Complex::Complex: ошибка в определении или объявлении функции; функция не вызвана [D:\.dima\misis2023f-23-check\misis2024s-23-04-popadina-v-a\build.check\prj.lab\complex\complex.vcxproj]
     3>D:\.dima\misis2023f-23-check\misis2024s-23-04-popadina-v-a\prj.lab\complex\complex.cpp(61,97): error C2264: Complex::Complex: ошибка в определении или объявлении функции; функция не вызвана [D:\.dima\misis2023f-23-check\misis2024s-23-04-popadina-v-a\build.check\prj.lab\complex\complex.vcxproj]
     3>D:\.dima\misis2023f-23-check\misis2024s-23-04-popadina-v-a\prj.lab\complex\complex.cpp(62,92): error C2264: Complex::Complex: ошибка в определении или объявлении функции; функция не вызвана [D:\.dima\misis2023f-23-check\misis2024s-23-04-popadina-v-a\build.check\prj.lab\complex\complex.vcxproj]
     3>D:\.dima\misis2023f-23-check\misis2024s-23-04-popadina-v-a\prj.lab\complex\complex.cpp(72,19): error C2382: Complex::operator +=: переопределение; разные спецификации исключений [D:\.dima\misis2023f-23-check\misis2024s-23-04-popadina-v-a\build.check\prj.lab\complex\complex.vcxproj]
     3>D:\.dima\misis2023f-23-check\misis2024s-23-04-popadina-v-a\prj.lab\complex\complex.cpp(79,82): error C2264: Complex::Complex: ошибка в определении или объявлении функции; функция не вызвана [D:\.dima\misis2023f-23-check\misis2024s-23-04-popadina-v-a\build.check\prj.lab\complex\complex.vcxproj]
    28>D:\.dima\misis2023f-23-check\misis2024s-23-04-popadina-v-a\prj.lab\queuelstspr\queuelstspr.hpp(21,14): error C2760: синтаксическая ошибка: непредвиденный элемент ";". Ожидается "(" [D:\.dima\misis2023f-23-check\misis2024s-23-04-popadina-v-a\build.check\prj.lab\queuelstspr\queuelstspr.vcxproj]
    28>D:\.dima\misis2023f-23-check\misis2024s-23-04-popadina-v-a\prj.lab\queuelstspr\queuelstspr.hpp(21,14): error C2059: синтаксическая ошибка: ; [D:\.dima\misis2023f-23-check\misis2024s-23-04-popadina-v-a\build.check\prj.lab\queuelstspr\queuelstspr.vcxproj]
     3>D:\.dima\misis2023f-23-check\misis2024s-23-04-popadina-v-a\prj.lab\complex\complex.cpp(79,82): error C1907: не удается восстановить после предыдущих ошибок; остановка компиляции [D:\.dima\misis2023f-23-check\misis2024s-23-04-popadina-v-a\build.check\prj.lab\complex\complex.vcxproj]
    28>d:\Programs\Microsoft Visual Studio\2022\Community\VC\Tools\MSVC\14.39.33519\include\exception(335,13): error C2451: условное выражение типа "const std::exception_ptr" является недопустимым [D:\.dima\misis2023f-23-check\misis2024s-23-04-popadina-v-a\build.check\prj.lab\queuelstspr\queuelstspr.vcxproj]
    28>d:\Programs\Microsoft Visual Studio\2022\Community\VC\Tools\MSVC\14.39.33519\include\xmemory(1013,66): error C2131: выражение не определяется константой [D:\.dima\misis2023f-23-check\misis2024s-23-04-popadina-v-a\build.check\prj.lab\queuelstspr\queuelstspr.vcxproj]
    28>D:\.dima\misis2023f-23-check\misis2024s-23-04-popadina-v-a\prj.lab\queuelstspr\queuelstspr.cpp(10,19): error C2382: QueueLstsPr::Clear: переопределение; разные спецификации исключений [D:\.dima\misis2023f-23-check\misis2024s-23-04-popadina-v-a\build.check\prj.lab\queuelstspr\queuelstspr.vcxproj]
    28>D:\.dima\misis2023f-23-check\misis2024s-23-04-popadina-v-a\prj.lab\queuelstspr\queuelstspr.cpp(17,19): error C2039: "Sort": не является членом "QueueLstsPr". [D:\.dima\misis2023f-23-check\misis2024s-23-04-popadina-v-a\build.check\prj.lab\queuelstspr\queuelstspr.vcxproj]
    28>D:\.dima\misis2023f-23-check\misis2024s-23-04-popadina-v-a\prj.lab\queuelstspr\queuelstspr.cpp(18,2): error C2065: size: необъявленный идентификатор [D:\.dima\misis2023f-23-check\misis2024s-23-04-popadina-v-a\build.check\prj.lab\queuelstspr\queuelstspr.vcxproj]
    28>D:\.dima\misis2023f-23-check\misis2024s-23-04-popadina-v-a\prj.lab\queuelstspr\queuelstspr.cpp(19,20): error C2143: синтаксическая ошибка: отсутствие "," перед "!=" [D:\.dima\misis2023f-23-check\misis2024s-23-04-popadina-v-a\build.check\prj.lab\queuelstspr\queuelstspr.vcxproj]
    28>D:\.dima\misis2023f-23-check\misis2024s-23-04-popadina-v-a\prj.lab\queuelstspr\queuelstspr.cpp(19,18): error C2086: int i: переопределение [D:\.dima\misis2023f-23-check\misis2024s-23-04-popadina-v-a\build.check\prj.lab\queuelstspr\queuelstspr.vcxproj]
    28>D:\.dima\misis2023f-23-check\misis2024s-23-04-popadina-v-a\prj.lab\queuelstspr\queuelstspr.cpp(19,32): error C2059: синтаксическая ошибка: ) [D:\.dima\misis2023f-23-check\misis2024s-23-04-popadina-v-a\build.check\prj.lab\queuelstspr\queuelstspr.vcxproj]
    28>D:\.dima\misis2023f-23-check\misis2024s-23-04-popadina-v-a\prj.lab\queuelstspr\queuelstspr.cpp(20,3): error C2059: синтаксическая ошибка: for [D:\.dima\misis2023f-23-check\misis2024s-23-04-popadina-v-a\build.check\prj.lab\queuelstspr\queuelstspr.vcxproj]
    28>D:\.dima\misis2023f-23-check\misis2024s-23-04-popadina-v-a\prj.lab\queuelstspr\queuelstspr.cpp(20,3): error C2143: синтаксическая ошибка: отсутствие ")" перед ";" [D:\.dima\misis2023f-23-check\misis2024s-23-04-popadina-v-a\build.check\prj.lab\queuelstspr\queuelstspr.vcxproj]
    28>D:\.dima\misis2023f-23-check\misis2024s-23-04-popadina-v-a\prj.lab\queuelstspr\queuelstspr.cpp(20,23): error C2065: size: необъявленный идентификатор [D:\.dima\misis2023f-23-check\misis2024s-23-04-popadina-v-a\build.check\prj.lab\queuelstspr\queuelstspr.vcxproj]
    28>D:\.dima\misis2023f-23-check\misis2024s-23-04-popadina-v-a\prj.lab\queuelstspr\queuelstspr.cpp(20,31): error C2059: синтаксическая ошибка: ; [D:\.dima\misis2023f-23-check\misis2024s-23-04-popadina-v-a\build.check\prj.lab\queuelstspr\queuelstspr.vcxproj]
    28>D:\.dima\misis2023f-23-check\misis2024s-23-04-popadina-v-a\prj.lab\queuelstspr\queuelstspr.cpp(20,38): error C2143: синтаксическая ошибка: отсутствие ";" перед "{" [D:\.dima\misis2023f-23-check\misis2024s-23-04-popadina-v-a\build.check\prj.lab\queuelstspr\queuelstspr.vcxproj]
    28>D:\.dima\misis2023f-23-check\misis2024s-23-04-popadina-v-a\prj.lab\queuelstspr\queuelstspr.cpp(21,17): error C2947: требуется ">" для завершения список аргументов шаблона, обнаружено ">" [D:\.dima\misis2023f-23-check\misis2024s-23-04-popadina-v-a\build.check\prj.lab\queuelstspr\queuelstspr.vcxproj]
    28>D:\.dima\misis2023f-23-check\misis2024s-23-04-popadina-v-a\prj.lab\queuelstspr\queuelstspr.cpp(21,25): error C2065: j: необъявленный идентификатор [D:\.dima\misis2023f-23-check\misis2024s-23-04-popadina-v-a\build.check\prj.lab\queuelstspr\queuelstspr.vcxproj]
    28>D:\.dima\misis2023f-23-check\misis2024s-23-04-popadina-v-a\prj.lab\queuelstspr\queuelstspr.cpp(21,31): error C2059: синтаксическая ошибка: ) [D:\.dima\misis2023f-23-check\misis2024s-23-04-popadina-v-a\build.check\prj.lab\queuelstspr\queuelstspr.vcxproj]
    28>D:\.dima\misis2023f-23-check\misis2024s-23-04-popadina-v-a\prj.lab\queuelstspr\queuelstspr.cpp(22,21): error C2065: j: необъявленный идентификатор [D:\.dima\misis2023f-23-check\misis2024s-23-04-popadina-v-a\build.check\prj.lab\queuelstspr\queuelstspr.vcxproj]
    28>D:\.dima\misis2023f-23-check\misis2024s-23-04-popadina-v-a\prj.lab\queuelstspr\queuelstspr.cpp(22,31): error C2065: j: необъявленный идентификатор [D:\.dima\misis2023f-23-check\misis2024s-23-04-popadina-v-a\build.check\prj.lab\queuelstspr\queuelstspr.vcxproj]
    28>D:\.dima\misis2023f-23-check\misis2024s-23-04-popadina-v-a\prj.lab\queuelstspr\queuelstspr.cpp(22,10): error C2672: "std::swap": не найдена соответствующая перегруженная функция [D:\.dima\misis2023f-23-check\misis2024s-23-04-popadina-v-a\build.check\prj.lab\queuelstspr\queuelstspr.vcxproj]
    28>D:\.dima\misis2023f-23-check\misis2024s-23-04-popadina-v-a\prj.lab\queuelstspr\queuelstspr.cpp(22,38): error C2059: синтаксическая ошибка: ; [D:\.dima\misis2023f-23-check\misis2024s-23-04-popadina-v-a\build.check\prj.lab\queuelstspr\queuelstspr.vcxproj]
    28>D:\.dima\misis2023f-23-check\misis2024s-23-04-popadina-v-a\prj.lab\queuelstspr\queuelstspr.cpp(24,3): error C2059: синтаксическая ошибка: } [D:\.dima\misis2023f-23-check\misis2024s-23-04-popadina-v-a\build.check\prj.lab\queuelstspr\queuelstspr.vcxproj]
    28>D:\.dima\misis2023f-23-check\misis2024s-23-04-popadina-v-a\prj.lab\queuelstspr\queuelstspr.cpp(24,3): error C2143: синтаксическая ошибка: отсутствие ";" перед "}" [D:\.dima\misis2023f-23-check\misis2024s-23-04-popadina-v-a\build.check\prj.lab\queuelstspr\queuelstspr.vcxproj]
    28>D:\.dima\misis2023f-23-check\misis2024s-23-04-popadina-v-a\prj.lab\queuelstspr\queuelstspr.cpp(25,2): error C2143: синтаксическая ошибка: отсутствие ";" перед "}" [D:\.dima\misis2023f-23-check\misis2024s-23-04-popadina-v-a\build.check\prj.lab\queuelstspr\queuelstspr.vcxproj]
    28>D:\.dima\misis2023f-23-check\misis2024s-23-04-popadina-v-a\prj.lab\queuelstspr\queuelstspr.cpp(25,2): error C2059: синтаксическая ошибка: } [D:\.dima\misis2023f-23-check\misis2024s-23-04-popadina-v-a\build.check\prj.lab\queuelstspr\queuelstspr.vcxproj]
    28>D:\.dima\misis2023f-23-check\misis2024s-23-04-popadina-v-a\prj.lab\queuelstspr\queuelstspr.cpp(26,1): error C2143: синтаксическая ошибка: отсутствие ";" перед "}" [D:\.dima\misis2023f-23-check\misis2024s-23-04-popadina-v-a\build.check\prj.lab\queuelstspr\queuelstspr.vcxproj]
    28>D:\.dima\misis2023f-23-check\misis2024s-23-04-popadina-v-a\prj.lab\queuelstspr\queuelstspr.cpp(26,1): error C2059: синтаксическая ошибка: } [D:\.dima\misis2023f-23-check\misis2024s-23-04-popadina-v-a\build.check\prj.lab\queuelstspr\queuelstspr.vcxproj]
    28>D:\.dima\misis2023f-23-check\misis2024s-23-04-popadina-v-a\prj.lab\queuelstspr\queuelstspr.cpp(27,27): error C2143: синтаксическая ошибка: отсутствие ";" перед "{" [D:\.dima\misis2023f-23-check\misis2024s-23-04-popadina-v-a\build.check\prj.lab\queuelstspr\queuelstspr.vcxproj]
    28>D:\.dima\misis2023f-23-check\misis2024s-23-04-popadina-v-a\prj.lab\queuelstspr\queuelstspr.cpp(27,27): error C2447: {: отсутствует заголовок функции (возможно, используется формальный список старого типа) [D:\.dima\misis2023f-23-check\misis2024s-23-04-popadina-v-a\build.check\prj.lab\queuelstspr\queuelstspr.vcxproj]
    28>D:\.dima\misis2023f-23-check\misis2024s-23-04-popadina-v-a\prj.lab\queuelstspr\queuelstspr.cpp(48,19): error C2440: инициализация: невозможно преобразовать "initializer list" в "QueueLstsPr::Node" [D:\.dima\misis2023f-23-check\misis2024s-23-04-popadina-v-a\build.check\prj.lab\queuelstspr\queuelstspr.vcxproj]
    28>D:\.dima\misis2023f-23-check\misis2024s-23-04-popadina-v-a\prj.lab\queuelstspr\queuelstspr.cpp(52,25): error C2440: инициализация: невозможно преобразовать "initializer list" в "QueueLstsPr::Node" [D:\.dima\misis2023f-23-check\misis2024s-23-04-popadina-v-a\build.check\prj.lab\queuelstspr\queuelstspr.vcxproj]
    28>D:\.dima\misis2023f-23-check\misis2024s-23-04-popadina-v-a\prj.lab\queuelstspr\queuelstspr.cpp(55,2): error C2065: data_: необъявленный идентификатор [D:\.dima\misis2023f-23-check\misis2024s-23-04-popadina-v-a\build.check\prj.lab\queuelstspr\queuelstspr.vcxproj]
    28>D:\.dima\misis2023f-23-check\misis2024s-23-04-popadina-v-a\prj.lab\queuelstspr\queuelstspr.cpp(56,7): error C2144: синтаксическая ошибка: перед "double" требуется ")" [D:\.dima\misis2023f-23-check\misis2024s-23-04-popadina-v-a\build.check\prj.lab\queuelstspr\queuelstspr.vcxproj]
    28>D:\.dima\misis2023f-23-check\misis2024s-23-04-popadina-v-a\prj.lab\queuelstspr\queuelstspr.cpp(56,2): error C2660: Sort: функция не принимает 0 аргументов [D:\.dima\misis2023f-23-check\misis2024s-23-04-popadina-v-a\build.check\prj.lab\queuelstspr\queuelstspr.vcxproj]
    28>D:\.dima\misis2023f-23-check\misis2024s-23-04-popadina-v-a\prj.lab\queuelstspr\queuelstspr.cpp(56,7): error C2144: синтаксическая ошибка: перед "double" требуется ";" [D:\.dima\misis2023f-23-check\misis2024s-23-04-popadina-v-a\build.check\prj.lab\queuelstspr\queuelstspr.vcxproj]
    28>D:\.dima\misis2023f-23-check\misis2024s-23-04-popadina-v-a\prj.lab\queuelstspr\queuelstspr.cpp(56,20): error C2059: синтаксическая ошибка: ) [D:\.dima\misis2023f-23-check\misis2024s-23-04-popadina-v-a\build.check\prj.lab\queuelstspr\queuelstspr.vcxproj]
    28>D:\.dima\misis2023f-23-check\misis2024s-23-04-popadina-v-a\prj.lab\queuelstspr\queuelstspr.cpp(58,51): error C4430: отсутствует спецификатор типа - предполагается int. Примечание. C++ не поддерживает int по умолчанию [D:\.dima\misis2023f-23-check\misis2024s-23-04-popadina-v-a\build.check\prj.lab\queuelstspr\queuelstspr.vcxproj]
    28>D:\.dima\misis2023f-23-check\misis2024s-23-04-popadina-v-a\prj.lab\queuelstspr\queuelstspr.cpp(58,51): error C2143: синтаксическая ошибка: отсутствие "," перед "&" [D:\.dima\misis2023f-23-check\misis2024s-23-04-popadina-v-a\build.check\prj.lab\queuelstspr\queuelstspr.vcxproj]
    28>D:\.dima\misis2023f-23-check\misis2024s-23-04-popadina-v-a\prj.lab\queuelstspr\queuelstspr.cpp(58,27): error C2511: QueueLstsPr &QueueLstsPr::operator =(const int): перегруженная функция-член не найдена в "QueueLstsPr" [D:\.dima\misis2023f-23-check\misis2024s-23-04-popadina-v-a\build.check\prj.lab\queuelstspr\queuelstspr.vcxproj]
    28>D:\.dima\misis2023f-23-check\misis2024s-23-04-popadina-v-a\prj.lab\queuelstspr\queuelstspr.cpp(59,5): error C2671: QueueLstsPr::=: статические функции-члены не имеют указателей "this" [D:\.dima\misis2023f-23-check\misis2024s-23-04-popadina-v-a\build.check\prj.lab\queuelstspr\queuelstspr.vcxproj]
    28>D:\.dima\misis2023f-23-check\misis2024s-23-04-popadina-v-a\prj.lab\queuelstspr\queuelstspr.cpp(59,15): error C2065: rhs: необъявленный идентификатор [D:\.dima\misis2023f-23-check\misis2024s-23-04-popadina-v-a\build.check\prj.lab\queuelstspr\queuelstspr.vcxproj]
    28>D:\.dima\misis2023f-23-check\misis2024s-23-04-popadina-v-a\prj.lab\queuelstspr\queuelstspr.cpp(60,14): error C2065: rhs: необъявленный идентификатор [D:\.dima\misis2023f-23-check\misis2024s-23-04-popadina-v-a\build.check\prj.lab\queuelstspr\queuelstspr.vcxproj]
    28>D:\.dima\misis2023f-23-check\misis2024s-23-04-popadina-v-a\prj.lab\queuelstspr\queuelstspr.cpp(65,10): error C2039: "v": не является членом "QueueLstsPr::Node". [D:\.dima\misis2023f-23-check\misis2024s-23-04-popadina-v-a\build.check\prj.lab\queuelstspr\queuelstspr.vcxproj]
    28>D:\.dima\misis2023f-23-check\misis2024s-23-04-popadina-v-a\prj.lab\queuelstspr\queuelstspr.cpp(65,18): error C2039: "v": не является членом "QueueLstsPr::Node". [D:\.dima\misis2023f-23-check\misis2024s-23-04-popadina-v-a\build.check\prj.lab\queuelstspr\queuelstspr.vcxproj]
    28>D:\.dima\misis2023f-23-check\misis2024s-23-04-popadina-v-a\prj.lab\queuelstspr\queuelstspr.cpp(68,34): error C2039: "v": не является членом "QueueLstsPr::Node". [D:\.dima\misis2023f-23-check\misis2024s-23-04-popadina-v-a\build.check\prj.lab\queuelstspr\queuelstspr.vcxproj]
    28>D:\.dima\misis2023f-23-check\misis2024s-23-04-popadina-v-a\prj.lab\queuelstspr\queuelstspr.cpp(91,10): error C2671: QueueLstsPr::=: статические функции-члены не имеют указателей "this" [D:\.dima\misis2023f-23-check\misis2024s-23-04-popadina-v-a\build.check\prj.lab\queuelstspr\queuelstspr.vcxproj]
    18>D:\.dima\misis2023f-23-check\misis2024s-23-04-popadina-v-a\prj.lab\dynarr\dynarr.cpp(48,25): error C2511: DynArr &DynArr::operator =(DynArr &&) noexcept: перегруженная функция-член не найдена в "DynArr" [D:\.dima\misis2023f-23-check\misis2024s-23-04-popadina-v-a\build.check\prj.lab\dynarr\dynarr.vcxproj]
    18>D:\.dima\misis2023f-23-check\misis2024s-23-04-popadina-v-a\prj.lab\dynarr\dynarr.cpp(49,8): error C2671: DynArr::=: статические функции-члены не имеют указателей "this" [D:\.dima\misis2023f-23-check\misis2024s-23-04-popadina-v-a\build.check\prj.lab\dynarr\dynarr.vcxproj]
    18>D:\.dima\misis2023f-23-check\misis2024s-23-04-popadina-v-a\prj.lab\dynarr\dynarr.cpp(50,19): error C2597: недопустимая ссылка на нестатический член "DynArr::capacity_" [D:\.dima\misis2023f-23-check\misis2024s-23-04-popadina-v-a\build.check\prj.lab\dynarr\dynarr.vcxproj]
    18>D:\.dima\misis2023f-23-check\misis2024s-23-04-popadina-v-a\prj.lab\dynarr\dynarr.cpp(51,19): error C2597: недопустимая ссылка на нестатический член "DynArr::size_" [D:\.dima\misis2023f-23-check\misis2024s-23-04-popadina-v-a\build.check\prj.lab\dynarr\dynarr.vcxproj]
    18>D:\.dima\misis2023f-23-check\misis2024s-23-04-popadina-v-a\prj.lab\dynarr\dynarr.cpp(52,19): error C2597: недопустимая ссылка на нестатический член "DynArr::data_" [D:\.dima\misis2023f-23-check\misis2024s-23-04-popadina-v-a\build.check\prj.lab\dynarr\dynarr.vcxproj]
    18>D:\.dima\misis2023f-23-check\misis2024s-23-04-popadina-v-a\prj.lab\dynarr\dynarr.cpp(54,13): error C2671: DynArr::=: статические функции-члены не имеют указателей "this" [D:\.dima\misis2023f-23-check\misis2024s-23-04-popadina-v-a\build.check\prj.lab\dynarr\dynarr.vcxproj]
    19>D:\.dima\misis2023f-23-check\misis2024s-23-04-popadina-v-a\prj.lab\rational\rational.cpp(113,6): error C2084: функция "bool operator >=(const Rational &,const Rational &) noexcept" уже имеет текст реализации [D:\.dima\misis2023f-23-check\misis2024s-23-04-popadina-v-a\build.check\prj.lab\rational\rational.vcxproj]
    19>D:\.dima\misis2023f-23-check\misis2024s-23-04-popadina-v-a\prj.lab\rational\rational.cpp(125,6): error C2084: функция "bool operator <=(const Rational &,const Rational &) noexcept" уже имеет текст реализации [D:\.dima\misis2023f-23-check\misis2024s-23-04-popadina-v-a\build.check\prj.lab\rational\rational.vcxproj]
